Array
(
    [judul_web] => 
    [tagline_web] => 
    [caption_web] => 
    [tentang_web] => 
    [footer_web] => 
    [logo_web] => 
    [nama_instansi] => 
    [nama_pimpinan] => 
    [nik_pimpinan] => 
    [alamat_instansi] => 
    [email_instansi] => 
    [telp] => 085788322061
    [whatsapp] => 085788322061
    [psb_pdf] => 
)
Array
(
    [judul_web] => 
    [tagline_web] => 
    [caption_web] => 
    [tentang_web] => 
    [footer_web] => 
    [logo_web] => 
    [nama_instansi] => 
    [nama_pimpinan] => 
    [nik_pimpinan] => 
    [alamat_instansi] => 
    [email_instansi] => 
    [telp] => 085788322061
    [whatsapp] => 085788322061
    [psb_pdf] => 
)
