=== API Request ===
Endpoint: login
Mengakses login.php
=== API Request ===
Endpoint: login
Mengakses login.php
=== API Request ===
Endpoint: login
Mengakses login.php
=== API Request ===
Endpoint: login
Mengakses login.php
=== Login Request ===
Email: 
Password: 
Error: Email atau password kosong
=== API Request ===
Endpoint: login
Mengakses login.php
=== Login Request ===
Email: admin@gmail.com
Password: admin123
User ditemukan: {"id":5,"email":"admin@gmail.com","password":"$2y$10$IvyGS0p5lI7prCwJew\/yy.tJMujix1XgclLxdZmSO\/bUVYGzgvnKm","role":"admin"}
Password cocok
=== API Request ===
Endpoint: login
Mengakses login.php
=== Login Request ===
Email: pengajar@gmail.com
Password: pengajar123
User ditemukan: {"id":7,"email":"pengajar@gmail.com","password":"$2y$10$RnlGOpozwwBDyp89.knII.veJtdtJly3OpeAzned1rNDtJnGJuLgi","role":"pengajar"}
Password cocok
=== API Request ===
Endpoint: login
Mengakses login.php
=== Login Request ===
Email: siswa@gmail.com
Password: siswa123
User ditemukan: {"id":8,"email":"siswa@gmail.com","password":"$2y$10$3K5MpUGkJ05sqodfdkUxo.o\/.\/AmYM3t0cIqlRkE3HLjXzy3bg6pq","role":"siswa"}
Password cocok
=== API Request ===
Endpoint: login
Endpoint: login
Mengakses login.php
Mengakses login.php
=== Login Request ===
Email: 
Password: 
Error: Email atau password kosong
Error: Email atau password kosong
=== API Request ===
Endpoint: login
=== API Request ===
Mengakses login.php
Endpoint: login
Mengakses login.php
=== Login Request ===
Email: siswa@gmail.com
Password: siswa123
=== Login Request ===
Email: siswa@gmail.com
Password: siswa123
User ditemukan: {"id":8,"email":"siswa@gmail.com","password":"$2y$10$3K5MpUGkJ05sqodfdkUxo.o\/.\/AmYM3t0cIqlRkE3HLjXzy3bg6pq","role":"siswa"}
Password cocok
=== API Request ===
Endpoint: login
Mengakses login.php
Password cocok
=== Login Request ===
Email: siswa@gmail.com
Password: siswa123
User ditemukan: {"id":8,"email":"siswa@gmail.com","password":"$2y$10$3K5MpUGkJ05sqodfdkUxo.o\/.\/AmYM3t0cIqlRkE3HLjXzy3bg6pq","role":"siswa"}
Password cocok
=== API Request ===
Endpoint: login
Mengakses login.php
=== Login Request ===
Email: admin@gmail.com
Password: admin123
User ditemukan: {"id":5,"email":"admin@gmail.com","password":"$2y$10$IvyGS0p5lI7prCwJew\/yy.tJMujix1XgclLxdZmSO\/bUVYGzgvnKm","role":"admin"}
Password cocok
=== API Request ===
Endpoint: login
Mengakses login.php
=== Login Request ===
Email: pengajar@gmail.com
Password: pengajar123
User ditemukan: {"id":7,"email":"pengajar@gmail.com","password":"$2y$10$RnlGOpozwwBDyp89.knII.veJtdtJly3OpeAzned1rNDtJnGJuLgi","role":"pengajar"}
Password cocok
=== API Request ===
Endpoint: login
Mengakses login.php
=== Login Request ===
Email: 
Password: 
Error: Email atau password kosong
=== API Request ===
Endpoint: login
Mengakses login.php
=== Login Request ===
Email: admin@gmail.com
Password: admin123
User ditemukan: {"user_id":5,"email":"admin@gmail.com","password":"$2y$10$IvyGS0p5lI7prCwJew\/yy.tJMujix1XgclLxdZmSO\/bUVYGzgvnKm","role":"admin"}
Password cocok
=== API Request ===
Endpoint: login
Mengakses login.php
=== Login Request ===
Email: anisa123@gmail.com
Password: anisa123
User ditemukan: {"user_id":17,"email":"anisa123@gmail.com","password":"$2y$10$umtkjI4TYutJQB6BSu9CfebneJIBd3pnKBZpMKmn1GGYzDfCWgH2e","role":"siswa"}
Password cocok
=== API Request ===
Endpoint: login
Mengakses login.php
=== API Request ===
Endpoint: login
Mengakses login.php
=== API Request ===
Endpoint: login
Mengakses login.php
=== API Request ===
Endpoint: login
Mengakses login.php
=== API Request ===
Endpoint: login
Mengakses login.php
=== API Request ===
Endpoint: login
Mengakses login.php
=== API Request ===
Endpoint: login
Mengakses login.php
=== API Request ===
Endpoint: login
Mengakses login.php
=== API Request ===
Endpoint: login
Mengakses login.php
=== Login Request ===
Email: admin@gmail.com
Password: admin123
User ditemukan: {"user_id":5,"email":"admin@gmail.com","password":"$2y$10$IvyGS0p5lI7prCwJew\/yy.tJMujix1XgclLxdZmSO\/bUVYGzgvnKm","role":"admin"}
Password cocok
=== API Request ===
Endpoint: login
Mengakses login.php
=== Login Request ===
Email: admin@gmail.com
Password: admin123
User ditemukan: {"user_id":5,"email":"admin@gmail.com","password":"$2y$10$IvyGS0p5lI7prCwJew\/yy.tJMujix1XgclLxdZmSO\/bUVYGzgvnKm","role":"admin"}
Password cocok
=== API Request ===
Endpoint: login
Mengakses login.php
=== Login Request ===
Email: admin@gmail.com
Password: admin123
User ditemukan: {"user_id":5,"email":"admin@gmail.com","password":"$2y$10$IvyGS0p5lI7prCwJew\/yy.tJMujix1XgclLxdZmSO\/bUVYGzgvnKm","role":"admin"}
Password cocok
=== API Request ===
Endpoint: login
Mengakses login.php
=== Login Request ===
Email: 
Password: 
Error: Email atau password kosong
=== API Request ===
Endpoint: login
Mengakses login.php
=== Login Request ===
Email: admin@gmail.com
Password: admin
User ditemukan: {"user_id":5,"email":"admin@gmail.com","password":"$2y$10$IvyGS0p5lI7prCwJew\/yy.tJMujix1XgclLxdZmSO\/bUVYGzgvnKm","role":"admin"}
Error: Password tidak cocok atau user tidak ditemukan
=== API Request ===
Endpoint: login
Mengakses login.php
=== Login Request ===
Email: admin@gmail.com
Password: admin123
User ditemukan: {"user_id":5,"email":"admin@gmail.com","password":"$2y$10$IvyGS0p5lI7prCwJew\/yy.tJMujix1XgclLxdZmSO\/bUVYGzgvnKm","role":"admin"}
Password cocok
=== API Request ===
Endpoint: login
Mengakses login.php
=== Login Request ===
Email: 
Password: 
Error: Email atau password kosong
=== API Request ===
Endpoint: login
Mengakses login.php
=== Login Request ===
Email: imamariadi775@gmail.com
Password: Persib1933
User ditemukan: {"user_id":16,"email":"imamariadi775@gmail.com","password":"$2y$10$QLwwz\/pPWjSn\/qF9Wy6Ho.UpkgtT\/MEarIKzlrEMoNBbebVH1.miO","role":"siswa"}
Password cocok
=== API Request ===
Endpoint: login
Mengakses login.php
=== Login Request ===
Email: admin@example.com
Password: admin123
Error: User tidak ditemukan
Error: Password tidak cocok atau user tidak ditemukan
=== API Request ===
Endpoint: login
Mengakses login.php
=== Login Request ===
Email: admin@example.com
Password: admin
Error: User tidak ditemukan
Error: Password tidak cocok atau user tidak ditemukan
=== API Request ===
Endpoint: login
Mengakses login.php
=== Login Request ===
Email: admin@example.com
Password: admin
Error: User tidak ditemukan
Error: Password tidak cocok atau user tidak ditemukan
=== API Request ===
Endpoint: login
Mengakses login.php
=== Login Request ===
Email: admin@gmail.com
Password: admin
User ditemukan: {"user_id":5,"email":"admin@gmail.com","password":"$2y$10$IvyGS0p5lI7prCwJew\/yy.tJMujix1XgclLxdZmSO\/bUVYGzgvnKm","role":"admin"}
Error: Password tidak cocok atau user tidak ditemukan
=== API Request ===
Endpoint: login
Mengakses login.php
=== Login Request ===
Email: admin@gmail.com
Password: admin123
User ditemukan: {"user_id":5,"email":"admin@gmail.com","password":"$2y$10$IvyGS0p5lI7prCwJew\/yy.tJMujix1XgclLxdZmSO\/bUVYGzgvnKm","role":"admin"}
Password cocok
=== API Request ===
Endpoint: login
Mengakses login.php
=== Login Request ===
Email: imamariadi775@gmail.com
Password: Persib1933
User ditemukan: {"user_id":16,"email":"imamariadi775@gmail.com","password":"$2y$10$QLwwz\/pPWjSn\/qF9Wy6Ho.UpkgtT\/MEarIKzlrEMoNBbebVH1.miO","role":"siswa"}
Password cocok
=== API Request ===
Endpoint: login
Mengakses login.php
=== Login Request ===
Email: pengajar@gmail.com
Password: pengajar123
User ditemukan: {"user_id":7,"email":"pengajar@gmail.com","password":"$2y$10$RnlGOpozwwBDyp89.knII.veJtdtJly3OpeAzned1rNDtJnGJuLgi","role":"pengajar"}
Password cocok
=== API Request ===
Endpoint: login
Mengakses login.php
=== Login Request ===
Email: admin@gmail.com
Password: admin123
User ditemukan: {"user_id":5,"email":"admin@gmail.com","password":"$2y$10$IvyGS0p5lI7prCwJew\/yy.tJMujix1XgclLxdZmSO\/bUVYGzgvnKm","role":"admin"}
Password cocok
=== API Request ===
Endpoint: login
Mengakses login.php
=== Login Request ===
Email: imamariadi775@gmail.com
Password: Persib1933
User ditemukan: {"user_id":16,"email":"imamariadi775@gmail.com","password":"$2y$10$QLwwz\/pPWjSn\/qF9Wy6Ho.UpkgtT\/MEarIKzlrEMoNBbebVH1.miO","role":"siswa"}
Password cocok
=== API Request ===
Endpoint: login
Mengakses login.php
=== Login Request ===
Email: admin@gmail.com
Password: admin123
User ditemukan: {"user_id":5,"email":"admin@gmail.com","password":"$2y$10$IvyGS0p5lI7prCwJew\/yy.tJMujix1XgclLxdZmSO\/bUVYGzgvnKm","role":"admin"}
Password cocok
=== API Request ===
Endpoint: login
Mengakses login.php
=== Login Request ===
Email: admin@gmail.com
Password: admin123
User ditemukan: {"user_id":5,"email":"admin@gmail.com","password":"$2y$10$IvyGS0p5lI7prCwJew\/yy.tJMujix1XgclLxdZmSO\/bUVYGzgvnKm","role":"admin"}
Password cocok
=== API Request ===
Endpoint: login
Mengakses login.php
Mengakses login.php
=== Login Request ===
Email: 
Password: 
Password: 
Error: Email atau password kosong
Error: Email atau password kosong
=== API Request ===
Endpoint: login
Mengakses login.php
=== API Request ===
Endpoint: login
=== API Request ===
Mengakses login.php
Endpoint: login
Mengakses login.php
=== Login Request ===
Email: imamariadi775@gmail.com
=== Login Request ===
Email: imamariadi775@gmail.com
Password: Persib1933
=== Login Request ===
Email: imamariadi775@gmail.com
Password: Persib1933
User ditemukan: {"user_id":16,"email":"imamariadi775@gmail.com","password":"$2y$10$QLwwz\/pPWjSn\/qF9Wy6Ho.UpkgtT\/MEarIKzlrEMoNBbebVH1.miO","role":"siswa"}
User ditemukan: {"user_id":16,"email":"imamariadi775@gmail.com","password":"$2y$10$QLwwz\/pPWjSn\/qF9Wy6Ho.UpkgtT\/MEarIKzlrEMoNBbebVH1.miO","role":"siswa"}
User ditemukan: {"user_id":16,"email":"imamariadi775@gmail.com","password":"$2y$10$QLwwz\/pPWjSn\/qF9Wy6Ho.UpkgtT\/MEarIKzlrEMoNBbebVH1.miO","role":"siswa"}
Password cocok
Password cocok
=== API Request ===
Endpoint: login
Mengakses login.php
=== Login Request ===
Email: imamariadi775@gmail.com
Password: Persib1933
User ditemukan: {"user_id":16,"email":"imamariadi775@gmail.com","password":"$2y$10$QLwwz\/pPWjSn\/qF9Wy6Ho.UpkgtT\/MEarIKzlrEMoNBbebVH1.miO","role":"siswa"}
Password cocok
=== API Request ===
Endpoint: login
Mengakses login.php
=== Login Request ===
Email: imamariadi775@gmail.com
Password: Persib1933
User ditemukan: {"user_id":16,"email":"imamariadi775@gmail.com","password":"$2y$10$QLwwz\/pPWjSn\/qF9Wy6Ho.UpkgtT\/MEarIKzlrEMoNBbebVH1.miO","role":"siswa"}
Password cocok
=== API Request ===
Endpoint: login
===
Endpoint: login
php
Mengakses login.php
=== Login Request ===
Email: 
Email: 
Password: 
Password: 
Error: Email atau password kosong
Error: Email atau password kosong
=== API Request ===
Endpoint: login
=== API Request ===
Mengakses login.php
Endpoint: login
Mengakses login.php
=== Login Request ===
=== Login Request ===
Email: admin@pesantren.com
Password: password
Password: password
User ditemukan: {"id":1,"email":"admin@pesantren.com","password":"$2y$10$92IXUNpkjO0rOQ5byMi.Ye4oKoEa3Ro9llC\/.og\/at2.uheWG\/igi","role":"admin","created_at":"2025-07-03 10:38:09","updated_at":"2025-07-03 10:38:09"}
User ditemukan: {"id":1,"email":"admin@pesantren.com","password":"$2y$10$92IXUNpkjO0rOQ5byMi.Ye4oKoEa3Ro9llC\/.og\/at2.uheWG\/igi","role":"admin","created_at":"2025-07-03 10:38:09","updated_at":"2025-07-03 10:38:09"}
Password cocok
Password cocok
=== API Request ===
Endpoint: login
Mengakses login.php
=== Login Request ===
Email: admin@pesantren.com
Password: admin123
User ditemukan: {"id":1,"email":"admin@pesantren.com","password":"$2y$10$eImiTXuWVxfM37uY4JANjOehXOBQjVLpyG8ZDFE2QlbIE9MZJFAbi","role":"admin","created_at":"2025-07-03 10:59:11","updated_at":"2025-07-03 10:59:11"}
Error: Password tidak cocok atau user tidak ditemukan
=== API Request ===
Endpoint: login
Mengakses login.php
=== Login Request ===
Email: admin@pesantren.com
Password: admin123
User ditemukan: {"id":1,"email":"admin@pesantren.com","password":"$2y$10$eImiTXuWVxfM37uY4JANjOehXOBQjVLpyG8ZDFE2QlbIE9MZJFAbi","role":"admin","created_at":"2025-07-03 10:59:11","updated_at":"2025-07-03 10:59:11"}
=== API Request ===
Endpoint: login
Mengakses login.php
=== Login Request ===
Email: admin@pesantren.com
Password: admin123
User ditemukan: {"id":1,"email":"admin@pesantren.com","password":"$2y$10$eImiTXuWVxfM37uY4JANjOehXOBQjVLpyG8ZDFE2QlbIE9MZJFAbi","role":"admin","created_at":"2025-07-03 10:59:11","updated_at":"2025-07-03 10:59:11"}
Error: Password tidak cocok atau user tidak ditemukan
Error: Password tidak cocok atau user tidak ditemukan
=== API Request ===
Endpoint: login
Mengakses login.php
=== Login Request ===
Email: admin@pesantren.com
Password: secret123
User ditemukan: {"id":1,"email":"admin@pesantren.com","password":"$2y$10$eImiTXuWVxfM37uY4JANjOehXOBQjVLpyG8ZDFE2QlbIE9MZJFAbi","role":"admin","created_at":"2025-07-03 10:59:11","updated_at":"2025-07-03 10:59:11"}
Error: Password tidak cocok atau user tidak ditemukan
=== API Request ===
Endpoint: login
Mengakses login.php
=== Login Request ===
Email: admin@pesantren.com
Password: secret123
User ditemukan: {"id":1,"email":"admin@pesantren.com","password":"$2y$10$eImiTXuWVxfM37uY4JANjOehXOBQjVLpyG8ZDFE2QlbIE9MZJFAbi","role":"admin","created_at":"2025-07-03 10:59:11","updated_at":"2025-07-03 10:59:11"}
Error: Password tidak cocok atau user tidak ditemukan
=== API Request ===
Endpoint: login
Mengakses login.php
=== Login Request ===
Email: admin@pesantren.com
Password: $2y$10$eImiTXuWVxfM37uY4JANjOehXOBQjVLpyG8ZDFE2QlbIE9MZJFAbi
User ditemukan: {"id":1,"email":"admin@pesantren.com","password":"$2y$10$eImiTXuWVxfM37uY4JANjOehXOBQjVLpyG8ZDFE2QlbIE9MZJFAbi","role":"admin","created_at":"2025-07-03 10:59:11","updated_at":"2025-07-03 10:59:11"}
Error: Password tidak cocok atau user tidak ditemukan
=== API Request ===
Endpoint: login
Mengakses login.php
=== Login Request ===
Email: 
Password: 
Error: Email atau password kosong
=== API Request ===
Endpoint: login
Mengakses login.php
=== Login Request ===
Email: admin@pesantren.com
Password: admin
User ditemukan: {"id":1,"email":"admin@pesantren.com","password":"$2y$10$MKvvQA\/1IllsukAkLty2\/e.0YXT8QB7NaN.VAUPOoMWdx9dDbSOVy","role":"admin","created_at":"2025-07-03 11:41:03","updated_at":"2025-07-03 11:41:03"}
Error: Password tidak cocok atau user tidak ditemukan
=== API Request ===
Endpoint: login
Mengakses login.php
=== Login Request ===
Email: admin@pesantren.com
Password: admin
User ditemukan: {"id":1,"email":"admin@pesantren.com","password":"$2y$10$MKvvQA\/1IllsukAkLty2\/e.0YXT8QB7NaN.VAUPOoMWdx9dDbSOVy","role":"admin","created_at":"2025-07-03 11:41:03","updated_at":"2025-07-03 11:41:03"}
Error: Password tidak cocok atau user tidak ditemukan
=== API Request ===
Endpoint: login
Mengakses login.php
=== Login Request ===
Email: admin@pesantren.com
Password: admin
User ditemukan: {"id":1,"email":"admin@pesantren.com","password":"$2y$10$MKvvQA\/1IllsukAkLty2\/e.0YXT8QB7NaN.VAUPOoMWdx9dDbSOVy","role":"admin","created_at":"2025-07-03 11:41:03","updated_at":"2025-07-03 11:41:03"}
Error: Password tidak cocok atau user tidak ditemukan
=== API Request ===
Endpoint: login
Mengakses login.php
=== Login Request ===
Email: admin@pesantren.com
Password: secret123
User ditemukan: {"id":1,"email":"admin@pesantren.com","password":"$2y$10$MKvvQA\/1IllsukAkLty2\/e.0YXT8QB7NaN.VAUPOoMWdx9dDbSOVy","role":"admin","created_at":"2025-07-03 11:41:03","updated_at":"2025-07-03 11:41:03"}
Password cocok
